MOV A,7
000000000000000
MOV B,5
000000100000000
ADD B,4
000010100000000
SUB A,3
000100000000000
AND A,4
000110000000000
OR A,1
001000000000000
XOR A,2
001100000000000
NOT A,A
001011100000000
NOT A,B
001011100000000
NOT B,A
001011100000000
NOT B,B
001011100000000
SHL A,A
001111100000000
SHL A,B
001111100000000
SHL B,A
001111100000000
SHL B,B
001111100000000
INC B
010010000000000
JMP 1
101001100000001
JEQ 1
101010000000001
JNE 1
101010100000001
JGT 1
101011000000001
JLT 1
101011100000001
JGE 1
101100000000001
JLE 4
101100100000100
JCR 4
101101000000100
JOV 4
101101100000100
MOV A,(4)
010010100000100
MOV B,(5)
010011000000101
MOV A,(B)
010010100000000
MOV (B),A
010101100000000
